C51 COMPILER V9.01   MAIN                                                                  11/04/2014 19:28:47 PAGE 1   


C51 COMPILER V9.01, COMPILATION OF MODULE MAIN
OBJECT MODULE PLACED IN main.OBJ
COMPILER INVOKED BY: C:\Keil\C51\BIN\C51.EXE main.c BROWSE DEBUG OBJECTEXTEND

line level    source

   1          /*通过左右位移函数实现流水灯的移动*/
   2          
   3          
   4          #include <reg52.h>       /*定义51功能的寄存器*/
   5          #include <intrins.h>  /*移位*/
   6          
   7          #define LED P2; 
   8          
   9          void Delay (unsigned int ms);
  10          
  11          void main ()
  12          {
  13   1              unsigned char i;
  14   1              LED=0xfe;                                               //1111_1110->1111_1101
*** WARNING C275 IN LINE 14 OF MAIN.C: expression with possibly no effect
*** ERROR C141 IN LINE 14 OF MAIN.C: syntax error near '='
  15   1              while (1)
  16   1              {
  17   2                      
  18   2                      for(i=0 ; i<7 ; i++)
  19   2                      {
  20   3                              LED = _crol_ (LED , 1);  //左移语句(左移７次就到)，把LED的位循环左移，每次搜索左移一位，LED = _cror_(LE
             -D,1)则为右移
*** ERROR C141 IN LINE 20 OF MAIN.C: syntax error near '='
*** ERROR C141 IN LINE 20 OF MAIN.C: syntax error near ';'
  21   3                              Delay(50000);
  22   3                      }                               
  23   2                      for( i=0; i<7 ;i++  )
  24   2                              {
  25   3                                      LED = _cror_(LED , 1);  //右移语句，把LED的位循环右移，每次搜索右移一位，LED = _crol_(LED,1)则为右移
  26   3                                      Delay (50000);
  27   3                              } 
  28   2              } 
  29   1      }
  30          void Delay (unsigned int ms)                     //ms为输入的参数，表示延迟的时间（单位ｍｓ）
  31          {
  32   1              unsigned int i;
  33   1              unsigned char j;                                        //j为成程序运行的时间参数　，　通过调整Ｊ使得一次循环为１MS   
  34   1              for ( i=0 ; i<ms ; i++ )
  35   1                              for ( j=0 ; j<200 ; j++)
  36   1                              for ( j=0 ; j<200 ; j++);       //ｆｏｒ循环的时候，最后需要添加分号才完整
  37   1                      
  38   1      }

C51 COMPILATION COMPLETE.  1 WARNING(S),  3 ERROR(S)
