C51 COMPILER V9.01   LED_1                                                                 11/04/2014 07:29:21 PAGE 1   


C51 COMPILER V9.01, COMPILATION OF MODULE LED_1
OBJECT MODULE PLACED IN led 1.OBJ
COMPILER INVOKED BY: C:\Keil\C51\BIN\C51.EXE led 1.c BROWSE DEBUG OBJECTEXTEND

line level    source

   1          /*通过左右位移函数实现流水灯的移动*/
   2          
   3          
   4          #include <reg52.h>       /*定义51功能的寄存器*/
   5          #include <intrins.h>  /*移位*/
   6          sbit LED = P2^0;
   7          int i;
   8          void Delay (unsigned int ms);
   9          void main ()
  10          {
  11   1              while (1)
  12   1              {
  13   2                      for (i=0 ; i<7 ; i++)
  14   2                      {
  15   3                              LED = _crol_ (LED , 1);  //左移语句，把LED的位循环左移，每次搜索左移一位，LED = _cror_(LED,1)则为右移
  16   3                              Delay(50000);
  17   3                      }                               
  18   2                      for ( i=0; i<7 ;i++  )
  19   2                              {
  20   3                                      LED = _cror_(LED , 1);  //右移语句，把LED的位循环右移，每次搜索右移一位，LED = _crol_(LED,1)则为右移
  21   3                                      Delay (50000);
  22   3                              } 
  23   2              } 
  24   1      }
  25          void Delay (unsigned int ms)                     //ms为输入的参数，表示延迟的时间（单位ｍｓ）
  26          {
  27   1              unsigned int i;
  28   1              unsigned char j;                                        //j为成程序运行的时间参数　，　通过调整Ｊ使得一次循环为１MS   
  29   1              for ( i=0 ; i<ms ; i++ )
  30   1                      
  31   1                              for ( j=0 ; j<200 ; j++)
  32   1                              for ( j=0 ; j<200 ; j++);       //ｆｏｒ循环的时候，最后需要添加分号才完整
  33   1                      
  34   1      }


MODULE INFORMATION:   STATIC OVERLAYABLE
   CODE SIZE        =    123    ----
   CONSTANT SIZE    =   ----    ----
   XDATA SIZE       =   ----    ----
   PDATA SIZE       =   ----    ----
   DATA SIZE        =      2    ----
   IDATA SIZE       =   ----    ----
   BIT SIZE         =   ----    ----
END OF MODULE INFORMATION.


C51 COMPILATION COMPLETE.  0 WARNING(S),  0 ERROR(S)
