C51 COMPILER V9.01   MAIN                                                                  10/18/2014 18:02:48 PAGE 1   


C51 COMPILER V9.01, COMPILATION OF MODULE MAIN
OBJECT MODULE PLACED IN main.OBJ
COMPILER INVOKED BY: C:\Keil\C51\BIN\C51.EXE main.c BROWSE DEBUG OBJECTEXTEND

line level    source

   1          #include <reg52.h>
   2          #define uchar unsigned char 
   3          #define uint unsigned int 
   4          sbit led1 = P1^0;
   5          uchar num;
   6          void main ()
   7                  {
   8   1                      TMOD = 0x01;
   9   1                      TH0 = (65535-45872)/256;
  10   1                      TH1 = (65535-45872)%256;
  11   1                      EA = 1;
  12   1                      ET0 = 1;
  13   1                      TR0 = 1;
  14   1                      while (1);
  15   1              }
  16          
  17          void T0_timer() interrupt 1
  18          {
  19   1              TH0 = (65535-45872)/256;
  20   1              TH1 = (65535-45872)%256;
  21   1              num ++;
  22   1              if (num = 20)
*** WARNING C276 IN LINE 22 OF MAIN.C: constant in condition expression
  23   1              {
  24   2                      num = 0 ;
  25   2                      led1 = ~led1;
  26   2              }
  27   1      }


MODULE INFORMATION:   STATIC OVERLAYABLE
   CODE SIZE        =     34    ----
   CONSTANT SIZE    =   ----    ----
   XDATA SIZE       =   ----    ----
   PDATA SIZE       =   ----    ----
   DATA SIZE        =      1    ----
   IDATA SIZE       =   ----    ----
   BIT SIZE         =   ----    ----
END OF MODULE INFORMATION.


C51 COMPILATION COMPLETE.  1 WARNING(S),  0 ERROR(S)
