C51 COMPILER V9.01   ADD                                                                   10/07/2014 17:10:01 PAGE 1   


C51 COMPILER V9.01, COMPILATION OF MODULE ADD
OBJECT MODULE PLACED IN add.OBJ
COMPILER INVOKED BY: C:\Keil\C51\BIN\C51.EXE add.c BROWSE DEBUG OBJECTEXTEND

line level    source

   1          #include <add.h>
   2          #include <delay.h>
   3          
   4          void add1(uchar m,uchar f,uchar s)                      /*定义数码管数字添加函数*/
   5          {
   6   1              delay1(1000);
   7   1              m=m+1;                          /*秒钟累加*/
   8   1              if (m==60)                      /*秒钟累加到60停止*/
   9   1                      {
  10   2                              m=0;
  11   2                              f=f+1;          /*分钟累加*/
  12   2                              if (f==60)      /*分钟累加到60停止*/
  13   2                              {
  14   3                                      f=0;
  15   3                                      s++;     /*时钟累加*/
  16   3                              }
  17   2                      }       
  18   1      }


MODULE INFORMATION:   STATIC OVERLAYABLE
   CODE SIZE        =     36    ----
   CONSTANT SIZE    =   ----    ----
   XDATA SIZE       =   ----    ----
   PDATA SIZE       =   ----    ----
   DATA SIZE        =   ----       3
   IDATA SIZE       =   ----    ----
   BIT SIZE         =   ----    ----
END OF MODULE INFORMATION.


C51 COMPILATION COMPLETE.  0 WARNING(S),  0 ERROR(S)
