C51 COMPILER V9.01   DELAY                                                                 10/07/2014 17:21:08 PAGE 1   


C51 COMPILER V9.01, COMPILATION OF MODULE DELAY
OBJECT MODULE PLACED IN delay.OBJ
COMPILER INVOKED BY: C:\Keil\C51\BIN\C51.EXE delay.c BROWSE DEBUG OBJECTEXTEND

line level    source

   1          //#include <reg52.h>
   2          #include <delay.h>
   3          
   4          void delay1(uint ms)       /*ÐÎ²ÎÑÓ³Ùº¯Êý*/
   5          {
   6   1        uchar i,j;
   7   1        for(i=ms;i>0;i--)
   8   1          for(j=110;j>0;j--);
   9   1      }


MODULE INFORMATION:   STATIC OVERLAYABLE
   CODE SIZE        =     14    ----
   CONSTANT SIZE    =   ----    ----
   XDATA SIZE       =   ----    ----
   PDATA SIZE       =   ----    ----
   DATA SIZE        =   ----    ----
   IDATA SIZE       =   ----    ----
   BIT SIZE         =   ----    ----
END OF MODULE INFORMATION.


C51 COMPILATION COMPLETE.  0 WARNING(S),  0 ERROR(S)
