C51 COMPILER V9.01   KENSCAN                                                               10/07/2014 17:03:29 PAGE 1   


C51 COMPILER V9.01, COMPILATION OF MODULE KENSCAN
OBJECT MODULE PLACED IN .\kenscan.obj
COMPILER INVOKED BY: C:\Keil\C51\BIN\C51.EXE ..\C51 矩阵键盘\kenscan.c BROWSE DEBUG OBJECTEXTEND PRINT(.\kenscan.lst) OB
                    -JECT(.\kenscan.obj)

line level    source

   1          #include <reg52.h>        /*52系列单片机头文件*/
   2          #include <LED.h>           /*引用LED灯运动文件*/
*** WARNING C318 IN LINE 2 OF ..\C51 矩阵键盘\kenscan.c: can't open file 'LED.h'
   3          #include <delay.h>        /*引用延迟函数的外部函数*/
   4          unsigned char temp;
   5          void scan ()               /*定义矩阵键盘扫描函数*/
   6          {                           
   7   1              P1=0x7f;                   /*按键被按下之前，先给P1口赋值0111 1111*/
   8   1              temp=P1;                   /**/
   9   1              temp=temp&0x0f;          /*与 赋值*/
  10   1              if (temp!=0x0f)
  11   1                      {
  12   2                              Delay10ms(5);             /*延迟防止抖动*/
*** WARNING C206 IN LINE 12 OF ..\C51 矩阵键盘\KENSCAN.C: 'Delay10ms': missing function-prototype
*** ERROR C267 IN LINE 12 OF ..\C51 矩阵键盘\KENSCAN.C: 'Delay10ms': requires ANSI-style prototype
  13   2                              temp=P1;
  14   2                              temp=temp&0x0f;
  15   2                              if (temp!=0x0f)
  16   2                                      {
  17   3                                              temp=P1;
  18   3                                              switch(temp)              /*扫描判断哪个按键被按下*/
  19   3                                                      {
  20   4                                                              case(0x77):     LED1();break;
  21   4                                                              case(0x7b): LED2();break;
  22   4                                                              case(0x7d): LED3();break;
  23   4                                                              case(0x7e):     LED4();break;
  24   4                                                      }
  25   3                                              while (temp!=0x0f)
  26   3                                                      {
  27   4                                                              temp=P1;
  28   4                                                              temp=temp&0x0f;
  29   4                                                      }
  30   3                                              
  31   3                                      }
  32   2                      }
  33   1      }

C51 COMPILATION COMPLETE.  2 WARNING(S),  1 ERROR(S)
