C51 COMPILER V9.01   MAIN                                                                  10/07/2014 17:21:08 PAGE 1   


C51 COMPILER V9.01, COMPILATION OF MODULE MAIN
OBJECT MODULE PLACED IN main.OBJ
COMPILER INVOKED BY: C:\Keil\C51\BIN\C51.EXE main.c BROWSE DEBUG OBJECTEXTEND

line level    source

   1          #include <reg52.h>                 /*52系列单片机头文件*/
   2          #include <smg.h>                   /*引用时钟函数*/
   3          #include <delay.h>                 /*引用延迟函数*/
   4          #include <add.h>                   /*引用数字增加函数*/
   5          
   6          sbit K1=P3^4;                                    /*申明K1键的控制端口*/
   7          sbit K2=P3^5;                                    /*申明K2键的控制端口*/
   8          
   9          
  10          uchar t=0,n=0,s=0,f=0,m=0;                                              /*定义时分秒显示数字的起始状态*/
  11          
  12          
  13          void main()                                                                              /*主函数*/
  14                  {
  15   1                 while(1)                                                                     /*进入循环*/
  16   1                 {
  17   2                              if(K1==0)                                                       /*监测到K1开关被按下时*/
  18   2                              {
  19   3                                 delay1(10);                                          /*延迟防抖动*/
  20   3                                 if(K1==0)                                             /*确认K1键确实是被按下的时候，让时钟跳动*/
  21   3                                       t=1;
  22   3                                              while(!K1);                                     /*继续执行循环*/
  23   3                              }
  24   2                               if(K2==0)                                                      /*当检测到K2键被按下时*/
  25   2                              {
  26   3                                  delay1(10);                                         /*延迟防止抖动*/
  27   3                                      if(K2==0)                                               /*确认K2键确实是被按下的时候，让时钟停止在目前状态*/
  28   3                                      t=0;                                            
  29   3                                      while(!K2);                                             /*没有检测到其他信号之前，继续保持时钟停止状态*/
  30   3                              }
  31   2                              if(t==1)
  32   2                              {
  33   3                                      delay1(100);
  34   3                              m=m+1;                          /*秒钟累加*/
  35   3                              if (m==60)                      /*秒钟累加到60停止*/
  36   3                                      {
  37   4                                              m=0;
  38   4                                              f=f+1;      /*分钟累加*/
  39   4                                              if (f==60)      /*分钟累加到60停止*/
  40   4                                              {
  41   5                                                      f=0;
  42   5                                                      s++;     /*时钟累加*/
  43   5                                              }
  44   4                                      }       
  45   3                                display(m,f,s);
  46   3                              }
  47   2                              if(t==0)                           /*检测K2被按下*/
  48   2                              display(m,f,s);
  49   2                              
  50   2      
  51   2      
  52   2              }
  53   1              }


C51 COMPILER V9.01   MAIN                                                                  10/07/2014 17:21:08 PAGE 2   

MODULE INFORMATION:   STATIC OVERLAYABLE
   CODE SIZE        =     96    ----
   CONSTANT SIZE    =   ----    ----
   XDATA SIZE       =   ----    ----
   PDATA SIZE       =   ----    ----
   DATA SIZE        =      5    ----
   IDATA SIZE       =   ----    ----
   BIT SIZE         =   ----    ----
END OF MODULE INFORMATION.


C51 COMPILATION COMPLETE.  0 WARNING(S),  0 ERROR(S)
