C51 COMPILER V9.01   SMG                                                                   10/07/2014 17:21:08 PAGE 1   


C51 COMPILER V9.01, COMPILATION OF MODULE SMG
OBJECT MODULE PLACED IN smg.OBJ
COMPILER INVOKED BY: C:\Keil\C51\BIN\C51.EXE smg.c BROWSE DEBUG OBJECTEXTEND

line level    source

   1          #include <smg.h>
   2          #include <reg52.h>
   3          #include <delay.h>
   4          
   5          
   6          sbit dula=P2^6;                  /*申明U1锁存器的锁存端*/
   7          sbit wela=P2^7;                  /*申明U2锁存器的锁存端*/
   8          
   9          uchar smg1[16]={
  10                  0x3f,0x06,0x5b,0x4f,
  11                  0x66,0x6d,0x7d,0x07,
  12                  0x7f,0x5e6f,0x77,0x7c,
  13                  0x39,0x5e,0x79,0x71
  14                  };                                       /*数码管编码定义*/
  15          
  16          uchar smg2[]={
  17                  0xbf,0x86,0xdb,0xcf,
  18                  0xe6,0xed,0xfd,0x87,
  19                  0xff,0xef
  20                  };                                  /*后面带小数点码管编码定义*/
  21          
  22          
  23          void display(uchar mz,uchar fz,uchar sz)         /*数码管显示“时分秒”*/
  24          {
  25   1         uchar s1,s2,f1,f2,m1,m2;       /*定义数码管上6位数字*/
  26   1         s1=sz/10;                              /*拆分时分秒显示*/
  27   1         s2=sz%10;
  28   1         f1=fz/10;
  29   1         f2=fz%10;
  30   1         m1=mz/10;
  31   1         m2=mz%10;
  32   1         
  33   1         dula=1;                                /*打开U1锁存器*/
  34   1         P0=smg1[s1];                  /*调用数组编码送入段选信号*/
  35   1         dula=0;                               /*关闭U1锁存器*/
  36   1         P0=0xff;                               /*送入位选数据前关闭所有显示，防止打开位选锁存时*/
  37   1         wela=1;                                /*打开U2锁存器*/
  38   1         P0=0xfe;                               /*送入位信号*/
  39   1         wela=0;                                /*关闭U2锁存器*/
  40   1         delay1(5);                      /*延迟*/
  41   1         
  42   1         dula=1;
  43   1         P0=smg2[s2];             /*调用数组编码送入位选信号*/
  44   1         dula=0;
  45   1         P0=0xff;
  46   1         wela=1;
  47   1         P0=0xfd;
  48   1         wela=0;
  49   1         delay1(5);
  50   1         
  51   1         dula=1;
  52   1         P0=smg1[f1];                  /*调用数组编码送入位选信号*/
  53   1         dula=0;
  54   1         P0=0xff;
  55   1         wela=1;
C51 COMPILER V9.01   SMG                                                                   10/07/2014 17:21:08 PAGE 2   

  56   1         P0=0xfb;
  57   1         wela=0;
  58   1         delay1(5);
  59   1         
  60   1         dula=1;
  61   1         P0=smg2[f2];                  /*调用数组编码送入位选信号*/
  62   1         dula=0;
  63   1         P0=0xff;
  64   1         wela=1;
  65   1         P0=0xf7;
  66   1         wela=0;
  67   1         delay1(5);
  68   1         
  69   1         dula=1;
  70   1         P0=smg1[m1];                   /*调用数组编码送入位选信号*/
  71   1         dula=0;
  72   1         P0=0xff;
  73   1         wela=1;
  74   1         P0=0xef;
  75   1         wela=0;
  76   1         delay1(5);
  77   1         
  78   1         dula=1;
  79   1         P0=smg1[m2];                  /*调用数组编码送入位选信号*/
  80   1         dula=0;
  81   1         P0=0xff;
  82   1         wela=1;
  83   1         P0=0xdf;
  84   1         wela=0;
  85   1         delay1(5);
  86   1      }


MODULE INFORMATION:   STATIC OVERLAYABLE
   CODE SIZE        =    219    ----
   CONSTANT SIZE    =   ----    ----
   XDATA SIZE       =   ----    ----
   PDATA SIZE       =   ----    ----
   DATA SIZE        =     26       5
   IDATA SIZE       =   ----    ----
   BIT SIZE         =   ----    ----
END OF MODULE INFORMATION.


C51 COMPILATION COMPLETE.  0 WARNING(S),  0 ERROR(S)
