C51 COMPILER V9.01   DELAY                                                                 10/15/2014 20:43:39 PAGE 1   


C51 COMPILER V9.01, COMPILATION OF MODULE DELAY
OBJECT MODULE PLACED IN delay.OBJ
COMPILER INVOKED BY: C:\Keil\C51\BIN\C51.EXE delay.c BROWSE DEBUG OBJECTEXTEND

line level    source

   1          void Delay10ms (unsigned int c)  //¶¨ÒåÑÓ³Ùº¯Êý
   2          {
   3   1              unsigned char a,b,d ;
   4   1              for ( d=c ; d>0 ;d-- )
   5   1                      for ( b=38 ; b>0 ; b-- )
   6   1                              for ( a = 130 ; a>0 ; a-- );
   7   1      }


MODULE INFORMATION:   STATIC OVERLAYABLE
   CODE SIZE        =     18    ----
   CONSTANT SIZE    =   ----    ----
   XDATA SIZE       =   ----    ----
   PDATA SIZE       =   ----    ----
   DATA SIZE        =   ----    ----
   IDATA SIZE       =   ----    ----
   BIT SIZE         =   ----    ----
END OF MODULE INFORMATION.


C51 COMPILATION COMPLETE.  0 WARNING(S),  0 ERROR(S)
