C51 COMPILER V9.01   INTCONFIG                                                             10/15/2014 21:08:48 PAGE 1   


C51 COMPILER V9.01, COMPILATION OF MODULE INTCONFIG
OBJECT MODULE PLACED IN IntConfig.OBJ
COMPILER INVOKED BY: C:\Keil\C51\BIN\C51.EXE IntConfig.c BROWSE DEBUG OBJECTEXTEND

line level    source

   1          #include <reg52.h>
   2          #include <delay.h>
   3          
   4          void IntConfiguration 
   5                  {
*** ERROR C136 IN LINE 5 OF INTCONFIG.C: 'IntConfiguration': 'void' on variable
*** ERROR C129 IN LINE 5 OF INTCONFIG.C: missing ';' before '{'
   6                  //设置INT0
   7                  IT0 = 1;        //打开INT0的中断允许
   8                  //设置INT1      //跳变沿发出方式
   9                  EX0 = 1; 
  10                  IT1 = 1;
  11                  EX1 = 1;
  12          
  13                  EA = 1;     //打开总中断
  14                  }
  15                                                                                                                                                                                  3
  16          void Int0 interrupt 0   //外部中断0的中断函数
  17          
  18          {
  19                  Delay10ms (10)    //延迟消抖
  20                  if ( K3 = 0 )
  21                          KeyValue = 1;
  22          
  23                          
  24          }
  25          
  26          void Int1 interrupt 2   //外部中断1的中断函数
  27          {
  28                  Delay10ms (10)
  29                  if (K4 = 0)
  30                          KeyValue = 0;
  31          }

C51 COMPILATION COMPLETE.  0 WARNING(S),  2 ERROR(S)
